生成启动时间为 2016/1/3 22:24:57。
     1>项目“E:\Courses\计算机组成\Assignments\5140219191_project2\project2\buildmsvc\src\libmemory.vcxproj”在节点 7 上(Build 个目标)。
     1>InitializeBuildStatus:
         正在创建“libmemory.dir\Debug\libmemory.unsuccessfulbuild”，因为已指定“AlwaysCreate”。
       ClCompile:
         C:\Program Files (x86)\Microsoft Visual Studio 11.0\VC\bin\CL.exe /c /I..\../src /Zi /nologo /W3 /WX- /Od /Ob0 /Oy- /D WIN32 /D _WINDOWS /D _DEBUG /D "CMAKE_INTDIR=\"Debug\"" /D _MBCS /Gm- /RTC1 /MDd /GS /fp:precise /Zc:wchar_t /Zc:forScope /GR /Fo"libmemory.dir\Debug\\" /Fd"libmemory.dir\Debug\vc110.pdb" /Gd /TP /analyze- /errorReport:prompt  /EHsc";"-std=c++11 -g ..\..\src\memory.cpp
     1>cl : 命令行 warning D9002: 忽略未知选项“/EH;”
     1>cl : 命令行 warning D9002: 忽略未知选项“/EH-”
     1>cl : 命令行 warning D9002: 忽略未知选项“/EHt”
     1>cl : 命令行 warning D9002: 忽略未知选项“/EHd”
     1>cl : 命令行 warning D9002: 忽略未知选项“/EH=”
     1>cl : 命令行 warning D9002: 忽略未知选项“/EH+”
     1>cl : 命令行 warning D9002: 忽略未知选项“/EH+”
     1>cl : 命令行 warning D9002: 忽略未知选项“/EH1”
     1>cl : 命令行 warning D9002: 忽略未知选项“/EH1”
     1>cl : 命令行 warning D9002: 忽略未知选项“-g”
         memory.cpp
       Lib:
         C:\Program Files (x86)\Microsoft Visual Studio 11.0\VC\bin\Lib.exe /OUT:"..\..\buildmsvc\src\Debug\libmemory.lib" /NOLOGO libmemory.dir\Debug\memory.obj
         libmemory.vcxproj -> E:\Courses\计算机组成\Assignments\5140219191_project2\project2\buildmsvc\src\..\..\buildmsvc\src\Debug\libmemory.lib
       FinalizeBuildStatus:
         正在删除文件“libmemory.dir\Debug\libmemory.unsuccessfulbuild”。
         正在对“libmemory.dir\Debug\libmemory.lastbuildstate”执行 Touch 任务。
     1>已完成生成项目“E:\Courses\计算机组成\Assignments\5140219191_project2\project2\buildmsvc\src\libmemory.vcxproj”(Build 个目标)的操作。

生成成功。

已用时间 00:00:02.99
